\BOOKMARK [1][]{section.1}{Introduction}{}% 1
\BOOKMARK [1][]{section.2}{Problem Definition and Methods}{}% 2
\BOOKMARK [2][]{subsection.2.1}{Feature Selection}{section.2}% 3
\BOOKMARK [2][]{subsection.2.2}{Feature Processing}{section.2}% 4
\BOOKMARK [2][]{subsection.2.3}{Datasets}{section.2}% 5
\BOOKMARK [2][]{subsection.2.4}{Linear Regression}{section.2}% 6
\BOOKMARK [2][]{subsection.2.5}{Learning Algorithms}{section.2}% 7
\BOOKMARK [3][]{subsubsection.2.5.1}{Decision Tree Learning}{subsection.2.5}% 8
\BOOKMARK [3][]{subsubsection.2.5.2}{kNN Learning}{subsection.2.5}% 9
\BOOKMARK [2][]{subsection.2.6}{Regression}{section.2}% 10
\BOOKMARK [1][]{section.3}{Experimental Evaluation}{}% 11
\BOOKMARK [2][]{subsection.3.1}{Methdology}{section.3}% 12
\BOOKMARK [2][]{subsection.3.2}{Results}{section.3}% 13
\BOOKMARK [3][]{subsubsection.3.2.1}{Cross-Validation Set Accuracy}{subsection.3.2}% 14
\BOOKMARK [3][]{subsubsection.3.2.2}{Validation Set Accuracy}{subsection.3.2}% 15
\BOOKMARK [3][]{subsubsection.3.2.3}{Variable Correlation}{subsection.3.2}% 16
\BOOKMARK [3][]{subsubsection.3.2.4}{Decision Tree}{subsection.3.2}% 17
\BOOKMARK [3][]{subsubsection.3.2.5}{SVM}{subsection.3.2}% 18
\BOOKMARK [3][]{subsubsection.3.2.6}{kNN}{subsection.3.2}% 19
\BOOKMARK [3][]{subsubsection.3.2.7}{Significance Tests}{subsection.3.2}% 20
\BOOKMARK [3][]{subsubsection.3.2.8}{Regression Analysis}{subsection.3.2}% 21
\BOOKMARK [2][]{subsection.3.3}{Discussion}{section.3}% 22
\BOOKMARK [1][]{section.4}{Related Work}{}% 23
\BOOKMARK [1][]{section.5}{Future Work}{}% 24
\BOOKMARK [1][]{section.6}{Conclusion}{}% 25
\BOOKMARK [1][]{section.7}{References}{}% 26
\BOOKMARK [1][]{section.8}{Appendix}{}% 27
\BOOKMARK [2][]{subsection.8.1}{Correlation Heat Maps}{section.8}% 28
\BOOKMARK [3][]{subsubsection.8.1.1}{DEMO Correlation Heat Map}{subsection.8.1}% 29
\BOOKMARK [3][]{subsubsection.8.1.2}{CRIME Correlation Heat Map}{subsection.8.1}% 30
\BOOKMARK [3][]{subsubsection.8.1.3}{ABOUT Correlation Heat Map}{subsection.8.1}% 31
\BOOKMARK [3][]{subsubsection.8.1.4}{HIST Correlation Heat Map}{subsection.8.1}% 32
\BOOKMARK [3][]{subsubsection.8.1.5}{ALL Correlation Heat Map}{subsection.8.1}% 33
